<?xml version="1.0" encoding="UTF-8"?>
<!-- Generated by org.testng.reporters.JUnitReportReporter -->
<testsuite hostname="EPUAKHAW0480" name="test.Selenium" tests="1" failures="0" timestamp="21 Oct 2013 08:55:48 GMT" time="27.031" errors="0">
  <testcase name="testRambler" time="27.031" classname="test.Selenium"/>
</testsuite> <!-- test.Selenium -->
