<?xml version="1.0" encoding="UTF-8"?>
<!-- Generated by org.testng.reporters.JUnitReportReporter -->
<testsuite hostname="EPUAKHAW0480" name="com.epam.Selenium" tests="1" failures="0" timestamp="22 Oct 2013 06:58:42 GMT" time="19.528" errors="0">
  <testcase name="testRambler" time="19.528" classname="com.epam.Selenium"/>
</testsuite> <!-- com.epam.Selenium -->
